<?xml version="1.0" encoding="UTF-8"?>
<!-- Generated by org.testng.reporters.JUnitReportReporter -->
<testsuite skipped="0" hostname="Bhargav" name="Day4.ParsingJSONResponseData" tests="1" failures="0" timestamp="2024-07-29T15:34:49 IST" time="2.589" errors="0">
  <testcase name="testJSONResponse" time="2.589" classname="Day4.ParsingJSONResponseData"/>
  <system-out/>
</testsuite> <!-- Day4.ParsingJSONResponseData -->
