<?xml version="1.0" encoding="UTF-8"?>
<!-- Generated by org.testng.reporters.JUnitReportReporter -->
<testsuite skipped="0" hostname="Bhargav" name="Day6.SerializationDeserialization" tests="1" failures="0" timestamp="2024-07-30T16:44:13 IST" time="0.346" errors="0">
  <testcase name="convertJSON2Pojo" time="0.346" classname="Day6.SerializationDeserialization"/>
  <system-out/>
</testsuite> <!-- Day6.SerializationDeserialization -->
