<?xml version="1.0" encoding="UTF-8"?>
<!-- Generated by org.testng.reporters.JUnitReportReporter -->
<testsuite skipped="0" hostname="Bhargav" name="Day4.UsingJSONObjectClass2" tests="1" failures="0" timestamp="2024-07-29T17:34:21 IST" time="1.096" errors="0">
  <testcase name="testJSONResponseBodyData2" time="1.096" classname="Day4.UsingJSONObjectClass2"/>
  <system-out/>
</testsuite> <!-- Day4.UsingJSONObjectClass2 -->
