<?xml version="1.0" encoding="UTF-8"?>
<!-- Generated by org.testng.reporters.JUnitReportReporter -->
<testsuite skipped="0" hostname="Bhargav" name="Day8.GetUser" tests="1" failures="0" timestamp="2024-08-05T15:41:03 IST" time="0.415" errors="0">
  <testcase name="testGetUser" time="0.415" classname="Day8.GetUser"/>
  <system-out/>
</testsuite> <!-- Day8.GetUser -->
