<?xml version="1.0" encoding="UTF-8"?>
<!-- Generated by org.testng.reporters.JUnitReportReporter -->
<testsuite skipped="0" hostname="Bhargav" name="Day2.TestPostUsingPojo" tests="1" failures="0" timestamp="2024-07-27T13:55:09 IST" time="1.663" errors="0">
  <testcase name="testPostUsingPj" time="1.663" classname="Day2.TestPostUsingPojo"/>
  <system-out/>
</testsuite> <!-- Day2.TestPostUsingPojo -->
