<?xml version="1.0" encoding="UTF-8"?>
<!-- Generated by org.testng.reporters.JUnitReportReporter -->
<testsuite skipped="0" hostname="Bhargav" name="Day3.HeadersDemo" tests="1" failures="0" timestamp="2024-07-29T10:47:50 IST" time="2.882" errors="0">
  <testcase name="testHeader" time="2.882" classname="Day3.HeadersDemo"/>
  <system-out/>
</testsuite> <!-- Day3.HeadersDemo -->
