<?xml version="1.0" encoding="UTF-8"?>
<!-- Generated by org.testng.reporters.JUnitReportReporter -->
<testsuite skipped="0" hostname="Bhargav" name="Day7.Authentications" tests="1" failures="0" timestamp="2024-07-31T10:30:06 IST" time="3.305" errors="0">
  <testcase name="testOAuth2Authentication" time="3.305" classname="Day7.Authentications"/>
  <system-out/>
</testsuite> <!-- Day7.Authentications -->
