<?xml version="1.0" encoding="UTF-8"?>
<!-- Generated by org.testng.reporters.JUnitReportReporter -->
<testsuite skipped="0" hostname="Bhargav" name="Day6.JSONSchemeValidation" tests="1" failures="0" timestamp="2024-07-30T15:38:33 IST" time="2.296" errors="0">
  <testcase name="jsonschemavalidation" time="2.296" classname="Day6.JSONSchemeValidation"/>
  <system-out/>
</testsuite> <!-- Day6.JSONSchemeValidation -->
