<?xml version="1.0" encoding="UTF-8"?>
<!-- Generated by org.testng.reporters.JUnitReportReporter -->
<testsuite skipped="0" hostname="Bhargav" name="Day2.TestPostRequestBodyUsingExternalJsonFile" tests="1" failures="0" timestamp="2024-07-27T15:00:10 IST" time="1.500" errors="0">
  <testcase name="testPostUsingExternalJsonFile" time="1.500" classname="Day2.TestPostRequestBodyUsingExternalJsonFile"/>
  <system-out/>
</testsuite> <!-- Day2.TestPostRequestBodyUsingExternalJsonFile -->
