<?xml version="1.0" encoding="UTF-8"?>
<!-- Generated by org.testng.reporters.JUnitReportReporter -->
<testsuite skipped="0" hostname="Bhargav" name="Day3.CookiesDemo" tests="1" failures="0" timestamp="2024-07-29T10:31:53 IST" time="2.934" errors="0">
  <testcase name="getCookies" time="2.934" classname="Day3.CookiesDemo"/>
  <system-out/>
</testsuite> <!-- Day3.CookiesDemo -->
