<?xml version="1.0" encoding="UTF-8"?>
<!-- Generated by org.testng.reporters.JUnitReportReporter -->
<testsuite skipped="0" hostname="Bhargav" name="Day3.PathAndQueryParameters" tests="1" failures="0" timestamp="2024-07-29T17:25:15 IST" time="1.369" errors="0">
  <testcase name="testQueryandPathParams" time="1.369" classname="Day3.PathAndQueryParameters"/>
  <system-out/>
</testsuite> <!-- Day3.PathAndQueryParameters -->
