<?xml version="1.0" encoding="UTF-8"?>
<!-- Generated by org.testng.reporters.JUnitReportReporter -->
<testsuite skipped="0" hostname="Bhargav" name="Day7.fakeDatagenerator" tests="1" failures="0" timestamp="2024-07-31T12:37:55 IST" time="0.119" errors="0">
  <testcase name="testGenerateDummyData" time="0.119" classname="Day7.fakeDatagenerator"/>
  <system-out/>
</testsuite> <!-- Day7.fakeDatagenerator -->
