<?xml version="1.0" encoding="UTF-8"?>
<!-- Generated by org.testng.reporters.JUnitReportReporter -->
<testsuite skipped="0" hostname="Bhargav" name="Day1.HTTPRequests" tests="4" failures="0" timestamp="2024-07-25T10:55:00 IST" time="4.912" errors="0">
  <testcase name="getUsers" time="2.975" classname="Day1.HTTPRequests"/>
  <system-out/>
  <testcase name="createUser" time="0.920" classname="Day1.HTTPRequests"/>
  <system-out/>
  <testcase name="updateUser" time="0.495" classname="Day1.HTTPRequests"/>
  <system-out/>
  <testcase name="deleteUser" time="0.522" classname="Day1.HTTPRequests"/>
  <system-out/>
</testsuite> <!-- Day1.HTTPRequests -->
